<?xml version="1.0" encoding="UTF-8"?>
<testng-results skipped="0" failed="0" ignored="0" total="1" passed="1">
  <reporter-output>
  </reporter-output>
  <suite name="Default suite" duration-ms="3704" started-at="2019-09-08T12:36:24Z" finished-at="2019-09-08T12:36:28Z">
    <groups>
    </groups>
    <test name="Default test" duration-ms="3704" started-at="2019-09-08T12:36:24Z" finished-at="2019-09-08T12:36:28Z">
      <class name="com.restapi.testcases.TC_006_GET_ExtractValuesofEachnodesinJSON">
        <test-method status="PASS" signature="getweatherdetails()[pri:0, instance:com.restapi.testcases.TC_006_GET_ExtractValuesofEachnodesinJSON@2b98378d]" name="getweatherdetails" duration-ms="3668" started-at="2019-09-08T12:36:24Z" finished-at="2019-09-08T12:36:28Z">
          <reporter-output>
          </reporter-output>
        </test-method> <!-- getweatherdetails -->
      </class> <!-- com.restapi.testcases.TC_006_GET_ExtractValuesofEachnodesinJSON -->
    </test> <!-- Default test -->
  </suite> <!-- Default suite -->
</testng-results>
